TN:
SF:src/db.ts
FNF:0
FNH:0
DA:1,1
DA:3,1
LF:2
LH:2
BRF:0
BRH:0
end_of_record
TN:
SF:src/middleware/auth.ts
FN:14,authenticate
FNF:1
FNH:1
FNDA:3,authenticate
DA:3,1
DA:12,1
DA:14,1
DA:16,3
DA:17,3
DA:18,1
DA:20,2
DA:22,2
DA:23,1
DA:26,1
DA:27,1
DA:28,1
DA:29,0
DA:30,0
DA:32,0
DA:33,0
DA:34,0
DA:36,1
LF:18
LH:13
BRDA:17,0,0,1
BRDA:17,0,1,2
BRDA:22,1,0,1
BRDA:22,1,1,1
BRDA:29,2,0,0
BRDA:29,2,1,0
BRF:6
BRH:4
end_of_record
TN:
SF:src/routes/auth.ts
FN:11,(anonymous_1)
FN:29,(anonymous_2)
FN:49,(anonymous_3)
FN:77,(anonymous_4)
FNF:4
FNH:0
FNDA:0,(anonymous_1)
FNDA:0,(anonymous_2)
FNDA:0,(anonymous_3)
FNDA:0,(anonymous_4)
DA:1,1
DA:2,1
DA:3,1
DA:5,1
DA:9,1
DA:11,1
DA:12,0
DA:14,0
DA:16,0
DA:17,0
DA:22,0
DA:24,0
DA:25,0
DA:29,1
DA:30,0
DA:32,0
DA:38,0
DA:39,0
DA:41,0
DA:42,0
DA:44,0
DA:46,0
DA:49,1
DA:50,0
DA:51,0
DA:53,0
DA:54,0
DA:57,0
DA:58,0
DA:59,0
DA:61,0
DA:63,0
DA:64,0
DA:67,0
DA:72,0
DA:73,0
DA:77,1
DA:78,0
DA:80,0
DA:81,0
DA:82,0
DA:84,0
DA:86,0
DA:87,0
DA:90,0
DA:95,0
DA:96,0
DA:100,1
LF:48
LH:10
BRDA:39,0,0,0
BRDA:39,0,1,0
BRDA:42,1,0,0
BRDA:42,1,1,0
BRDA:53,2,0,0
BRDA:53,2,1,0
BRDA:63,3,0,0
BRDA:63,3,1,0
BRDA:86,4,0,0
BRDA:86,4,1,0
BRF:10
BRH:0
end_of_record
TN:
SF:src/routes/user_books.ts
FN:7,(anonymous_0)
FN:24,(anonymous_1)
FNF:2
FNH:2
FNDA:2,(anonymous_0)
FNDA:2,(anonymous_1)
DA:1,1
DA:2,1
DA:5,1
DA:7,1
DA:8,2
DA:9,2
DA:11,2
DA:12,2
DA:17,1
DA:19,1
DA:20,1
DA:24,1
DA:25,2
DA:26,2
DA:28,2
DA:29,2
DA:30,2
DA:32,2
DA:34,2
DA:35,1
DA:38,1
DA:43,0
DA:44,0
DA:48,1
LF:24
LH:22
BRDA:34,0,0,1
BRDA:34,0,1,1
BRF:2
BRH:2
end_of_record
